e:\unityproject\csharpandlua\dll\unitydll\x64\debug\vc142.pdb
e:\unityproject\csharpandlua\dll\unitydll\x64\debug\vc142.idb
e:\unityproject\csharpandlua\dll\unitydll\x64\debug\lobject.obj
e:\unityproject\csharpandlua\dll\unitydll\x64\debug\loadlib.obj
e:\unityproject\csharpandlua\dll\unitydll\x64\debug\lmem.obj
e:\unityproject\csharpandlua\dll\unitydll\x64\debug\lmathlib.obj
e:\unityproject\csharpandlua\dll\unitydll\x64\debug\llex.obj
e:\unityproject\csharpandlua\dll\unitydll\x64\debug\liolib.obj
e:\unityproject\csharpandlua\dll\unitydll\x64\debug\linit.obj
e:\unityproject\csharpandlua\dll\unitydll\x64\debug\lgc.obj
e:\unityproject\csharpandlua\dll\unitydll\x64\debug\lfunc.obj
e:\unityproject\csharpandlua\dll\unitydll\x64\debug\ldump.obj
e:\unityproject\csharpandlua\dll\unitydll\x64\debug\ldo.obj
e:\unityproject\csharpandlua\dll\unitydll\x64\debug\ldebug.obj
e:\unityproject\csharpandlua\dll\unitydll\x64\debug\ldblib.obj
e:\unityproject\csharpandlua\dll\unitydll\x64\debug\lctype.obj
e:\unityproject\csharpandlua\dll\unitydll\x64\debug\lcorolib.obj
e:\unityproject\csharpandlua\dll\unitydll\x64\debug\lcode.obj
e:\unityproject\csharpandlua\dll\unitydll\x64\debug\lbitlib.obj
e:\unityproject\csharpandlua\dll\unitydll\x64\debug\lbaselib.obj
e:\unityproject\csharpandlua\dll\unitydll\x64\debug\lauxlib.obj
e:\unityproject\csharpandlua\dll\unitydll\x64\debug\lapi.obj
e:\unityproject\csharpandlua\dll\unitydll\x64\debug\lzio.obj
e:\unityproject\csharpandlua\dll\unitydll\x64\debug\lvm.obj
e:\unityproject\csharpandlua\dll\unitydll\x64\debug\lutf8lib.obj
e:\unityproject\csharpandlua\dll\unitydll\x64\debug\lundump.obj
e:\unityproject\csharpandlua\dll\unitydll\x64\debug\ltm.obj
e:\unityproject\csharpandlua\dll\unitydll\x64\debug\ltablib.obj
e:\unityproject\csharpandlua\dll\unitydll\x64\debug\ltable.obj
e:\unityproject\csharpandlua\dll\unitydll\x64\debug\lstrlib.obj
e:\unityproject\csharpandlua\dll\unitydll\x64\debug\lstring.obj
e:\unityproject\csharpandlua\dll\unitydll\x64\debug\lstate.obj
e:\unityproject\csharpandlua\dll\unitydll\x64\debug\lparser.obj
e:\unityproject\csharpandlua\dll\unitydll\x64\debug\loslib.obj
e:\unityproject\csharpandlua\dll\unitydll\x64\debug\lopcodes.obj
e:\unityproject\csharpandlua\dll\unitydll\x64\debug\unitydll.obj
e:\unityproject\csharpandlua\dll\unitydll\x64\debug\unitydll.ilk
e:\unityproject\csharpandlua\dll\unitydll\x64\debug\unitydll.dll
e:\unityproject\csharpandlua\dll\unitydll\x64\debug\unitydll.pdb
e:\unityproject\csharpandlua\dll\unitydll\x64\debug\unitydll.lib
e:\unityproject\csharpandlua\dll\unitydll\x64\debug\unitydll.exp
e:\unityproject\csharpandlua\dll\unitydll\x64\debug\unitydll.tlog\cl.command.1.tlog
e:\unityproject\csharpandlua\dll\unitydll\x64\debug\unitydll.tlog\cl.read.1.tlog
e:\unityproject\csharpandlua\dll\unitydll\x64\debug\unitydll.tlog\cl.write.1.tlog
e:\unityproject\csharpandlua\dll\unitydll\x64\debug\unitydll.tlog\link.command.1.tlog
e:\unityproject\csharpandlua\dll\unitydll\x64\debug\unitydll.tlog\link.read.1.tlog
e:\unityproject\csharpandlua\dll\unitydll\x64\debug\unitydll.tlog\link.write.1.tlog
e:\unityproject\csharpandlua\dll\unitydll\x64\debug\unitydll.tlog\unitydll.write.1u.tlog
