  lapi.c
  lauxlib.c
  lbaselib.c
  lbitlib.c
  lcode.c
  lcorolib.c
  lctype.c
  ldblib.c
  ldebug.c
  ldo.c
  ldump.c
  lfunc.c
  lgc.c
  linit.c
  liolib.c
  llex.c
  lmathlib.c
  lmem.c
  loadlib.c
  lobject.c
  正在生成代码...
  正在编译...
  lopcodes.c
  loslib.c
  lparser.c
  lstate.c
  lstring.c
  lstrlib.c
  ltable.c
  ltablib.c
  ltm.c
  lundump.c
  lutf8lib.c
  lvm.c
  lzio.c
  正在生成代码...
  UnityDll.cpp
    正在创建库 E:\UnityProject\CSharpAndLua\Dll\UnityDll\x64\Debug\UnityDll.lib 和对象 E:\UnityProject\CSharpAndLua\Dll\UnityDll\x64\Debug\UnityDll.exp
  UnityDll.vcxproj -> E:\UnityProject\CSharpAndLua\Dll\UnityDll\x64\Debug\UnityDll.dll
